<?xml version="1.0" encoding="UTF-8"?>
<!-- Generated by org.testng.reporters.JUnitReportReporter -->
<testsuite hostname="Mahadev" failures="0" tests="1" name="com.navprogs.ShutterflyTest" time="15.988" errors="0" timestamp="28 Feb 2019 13:53:16 GMT" skipped="0">
  <testcase classname="com.navprogs.ShutterflyTest" name="test1" time="15.988"/>
</testsuite> <!-- com.navprogs.ShutterflyTest -->
