<?xml version="1.0" encoding="UTF-8"?>
<!-- Generated by org.testng.reporters.JUnitReportReporter -->
<testsuite hostname="Mahadev" failures="0" tests="2" name="com.naveen.testng.TestNGBasics" time="0.000" errors="0" timestamp="18 Jun 2018 05:51:49 GMT" skipped="0">
  <testcase classname="com.naveen.testng.TestNGBasics" name="imageTest" time="0.000"/>
  <testcase classname="com.naveen.testng.TestNGBasics" name="titleTest" time="0.000"/>
</testsuite> <!-- com.naveen.testng.TestNGBasics -->
