<?xml version="1.0" encoding="UTF-8"?>
<!-- Generated by org.testng.reporters.JUnitReportReporter -->
<testsuite hostname="Mahadev" failures="0" tests="1" name="com.qa.testng.DataDrivenDemo" time="12.811" errors="0" timestamp="19 Jun 2018 01:07:22 GMT" skipped="0">
  <testcase classname="com.qa.testng.DataDrivenDemo" name="enterData" time="12.811"/>
</testsuite> <!-- com.qa.testng.DataDrivenDemo -->
